<?xml version="1.0" encoding="UTF-8"?>
<testng-results ignored="0" total="1" passed="1" failed="0" skipped="0">
  <reporter-output>
  </reporter-output>
  <suite started-at="2022-09-30T10:56:19 IST" name="Default suite" finished-at="2022-09-30T10:57:08 IST" duration-ms="48929">
    <groups>
    </groups>
    <test started-at="2022-09-30T10:56:19 IST" name="Default test" finished-at="2022-09-30T10:57:08 IST" duration-ms="48929">
      <class name="com.test.Test_Resources">
        <test-method is-config="true" signature="launchDriver()[pri:0, instance:com.test.Test_Resources@60099951]" started-at="2022-09-30T10:56:19 IST" name="launchDriver" finished-at="2022-09-30T10:56:27 IST" duration-ms="7655" status="PASS">
          <reporter-output>
          </reporter-output>
        </test-method> <!-- launchDriver -->
        <test-method signature="testMP()[pri:0, instance:com.test.Test_Resources@60099951]" started-at="2022-09-30T10:56:27 IST" name="testMP" finished-at="2022-09-30T10:57:07 IST" duration-ms="40065" status="PASS">
          <reporter-output>
          </reporter-output>
        </test-method> <!-- testMP -->
        <test-method is-config="true" signature="quitDriver()[pri:0, instance:com.test.Test_Resources@60099951]" started-at="2022-09-30T10:57:07 IST" name="quitDriver" finished-at="2022-09-30T10:57:08 IST" duration-ms="1183" status="PASS">
          <reporter-output>
          </reporter-output>
        </test-method> <!-- quitDriver -->
      </class> <!-- com.test.Test_Resources -->
    </test> <!-- Default test -->
  </suite> <!-- Default suite -->
</testng-results>
