<?xml version="1.0" encoding="UTF-8"?>
<testng-results ignored="0" total="1" passed="1" failed="0" skipped="0">
  <reporter-output>
  </reporter-output>
  <suite started-at="2022-10-06T14:44:18 IST" name="Suite" finished-at="2022-10-06T14:47:00 IST" duration-ms="161928">
    <groups>
    </groups>
    <test started-at="2022-10-06T14:44:18 IST" name="Test" finished-at="2022-10-06T14:47:00 IST" duration-ms="161928">
      <class name="com.test.End_to_end_Marketplace">
        <test-method is-config="true" signature="launchDriver()[pri:0, instance:com.test.End_to_end_Marketplace@d86a6f]" started-at="2022-10-06T14:44:18 IST" name="launchDriver" finished-at="2022-10-06T14:44:31 IST" duration-ms="12913" status="PASS">
          <reporter-output>
          </reporter-output>
        </test-method> <!-- launchDriver -->
        <test-method signature="testMP(java.lang.String,java.lang.String,java.lang.String,java.lang.String)[pri:0, instance:com.test.End_to_end_Marketplace@d86a6f]" started-at="2022-10-06T14:44:31 IST" name="testMP" finished-at="2022-10-06T14:46:59 IST" duration-ms="147758" status="PASS">
          <params>
            <param index="0">
              <value>
                <![CDATA[Project_OC_01]]>
              </value>
            </param>
            <param index="1">
              <value>
                <![CDATA[Aish]]>
              </value>
            </param>
            <param index="2">
              <value>
                <![CDATA[Khobare]]>
              </value>
            </param>
            <param index="3">
              <value>
                <![CDATA[PSL]]>
              </value>
            </param>
          </params>
          <reporter-output>
          </reporter-output>
        </test-method> <!-- testMP -->
        <test-method is-config="true" signature="quitDriver()[pri:0, instance:com.test.End_to_end_Marketplace@d86a6f]" started-at="2022-10-06T14:46:59 IST" name="quitDriver" finished-at="2022-10-06T14:47:00 IST" duration-ms="1224" status="PASS">
          <reporter-output>
          </reporter-output>
        </test-method> <!-- quitDriver -->
      </class> <!-- com.test.End_to_end_Marketplace -->
    </test> <!-- Test -->
  </suite> <!-- Suite -->
</testng-results>
